<?xml version="1.0" encoding="UTF-8"?>
<!-- Generated by org.testng.reporters.JUnitReportReporter -->
<testsuite hostname="LAPTOP-KA9VHP1F" failures="0" tests="1" name="homePageVerification.Webpage1" time="15.508" errors="0" timestamp="2023-05-05T23:55:19 IST" skipped="0">
  <testcase classname="homePageVerification.Webpage1" name="loginTest" time="15.508"/>
  <system-out/>
</testsuite> <!-- homePageVerification.Webpage1 -->
